<?xml version="1.0" encoding="UTF-8" standalone="yes"?>
<testsuites>
    <testsuite tests="1" failures="0" time="0.007" name="github.com/eriklupander/gotling/test">
        <testcase classname="test" name="TestEach" time="0.0">
            <system-out>15
</system-out>
        </testcase>
    </testsuite>
</testsuites>
